{"/Users/ricardo/projetos/udacity/react-native/mobile-flashcards/actions/index.js": {"path":"/Users/ricardo/projetos/udacity/react-native/mobile-flashcards/actions/index.js","statementMap":{"0":{"start":{"line":1,"column":0},"end":{"line":null,"column":-1}},"1":{"start":{"line":3,"column":2},"end":{"line":7,"column":1}},"2":{"start":{"line":10,"column":2},"end":{"line":14,"column":1}},"3":{"start":{"line":17,"column":2},"end":{"line":21,"column":1}},"4":{"start":{"line":24,"column":2},"end":{"line":28,"column":1}}},"fnMap":{"0":{"name":"getAllDecks","decl":{"start":{"line":2,"column":16},"end":{"line":2,"column":7}},"loc":{"start":{"line":2,"column":30},"end":{"line":9,"column":7}}},"1":{"name":"getDeck","decl":{"start":{"line":9,"column":16},"end":{"line":9,"column":7}},"loc":{"start":{"line":9,"column":30},"end":{"line":16,"column":7}}},"2":{"name":"deleteDeck","decl":{"start":{"line":16,"column":16},"end":{"line":16,"column":7}},"loc":{"start":{"line":16,"column":33},"end":{"line":23,"column":7}}},"3":{"name":"addNewDeck","decl":{"start":{"line":23,"column":16},"end":{"line":23,"column":7}},"loc":{"start":{"line":23,"column":33},"end":{"line":28,"column":1}}}},"branchMap":{},"s":{"0":0,"1":0,"2":0,"3":0,"4":0},"f":{"0":0,"1":0,"2":0,"3":0},"b":{}}
,"/Users/ricardo/projetos/udacity/react-native/mobile-flashcards/components/AddDeck.js": {"path":"/Users/ricardo/projetos/udacity/react-native/mobile-flashcards/components/AddDeck.js","statementMap":{"0":{"start":{"line":1,"column":0},"end":{"line":null,"column":-1}},"1":{"start":{"line":2,"column":0},"end":{"line":9,"column":-1}},"2":{"start":{"line":9,"column":0},"end":{"line":15,"column":-1}},"3":{"start":{"line":15,"column":0},"end":{"line":17,"column":-1}},"4":{"start":{"line":17,"column":0},"end":{"line":null,"column":-1}},"5":{"start":{"line":26,"column":26},"end":{"line":25,"column":23}},"6":{"start":{"line":28,"column":4},"end":{"line":42,"column":3}},"7":{"start":{"line":29,"column":6},"end":{"line":33,"column":6}},"8":{"start":{"line":33,"column":22},"end":{"line":33,"column":6}},"9":{"start":{"line":34,"column":6},"end":{"line":35,"column":6}},"10":{"start":{"line":35,"column":6},"end":{"line":39,"column":5}},"11":{"start":{"line":40,"column":6},"end":{"line":41,"column":5}},"12":{"start":{"line":44,"column":11},"end":{"line":45,"column":3}},"13":{"start":{"line":45,"column":4},"end":{"line":71,"column":3}},"14":{"start":{"line":56,"column":26},"end":{"line":55,"column":9}}},"fnMap":{"0":{"name":"onChangeText","decl":{"start":{"line":56,"column":26},"end":{"line":56,"column":38}},"loc":{"start":{"line":56,"column":26},"end":{"line":55,"column":10}}}},"branchMap":{"0":{"loc":{"start":{"line":28,"column":4},"end":{"line":42,"column":3}},"type":"if","locations":[{"start":{"line":28,"column":4},"end":{"line":42,"column":3}},{"start":{"line":28,"column":4},"end":{"line":42,"column":3}}]},"1":{"loc":{"start":{"line":60,"column":39},"end":{"line":60,"column":13}},"type":"cond-expr","locations":[{"start":{"line":60,"column":39},"end":{"line":60,"column":13}},{"start":{"line":60,"column":66},"end":{"line":59,"column":10}}]}},"s":{"0":0,"1":0,"2":0,"3":0,"4":0,"5":0,"6":0,"7":0,"8":0,"9":0,"10":0,"11":0,"12":0,"13":0,"14":0},"f":{"0":0},"b":{"0":[0,0],"1":[0,0]}}
,"/Users/ricardo/projetos/udacity/react-native/mobile-flashcards/components/ButtonDeckDetail.js": {"path":"/Users/ricardo/projetos/udacity/react-native/mobile-flashcards/components/ButtonDeckDetail.js","statementMap":{"0":{"start":{"line":6,"column":25},"end":{"line":21,"column":1}},"1":{"start":{"line":7,"column":2},"end":{"line":20,"column":4}},"2":{"start":{"line":14,"column":8},"end":{"line":17,"column":11}},"3":{"start":{"line":23,"column":15},"end":{"line":31,"column":2}}},"fnMap":{"0":{"name":"(anonymous_0)","decl":{"start":{"line":6,"column":25},"end":{"line":6,"column":26}},"loc":{"start":{"line":6,"column":52},"end":{"line":21,"column":1}},"line":6},"1":{"name":"(anonymous_1)","decl":{"start":{"line":13,"column":15},"end":{"line":13,"column":16}},"loc":{"start":{"line":13,"column":21},"end":{"line":18,"column":7}},"line":13}},"branchMap":{},"s":{"0":1,"1":1,"2":0,"3":1},"f":{"0":1,"1":0},"b":{},"_coverageSchema":"332fd63041d2c1bcb487cc26dd0d5f7d97098a6c","hash":"d4e828ddda2f2f9774bda5c9f48cfdb609971cfe"}
,"/Users/ricardo/projetos/udacity/react-native/mobile-flashcards/components/CustomStatusBar.js": {"path":"/Users/ricardo/projetos/udacity/react-native/mobile-flashcards/components/CustomStatusBar.js","statementMap":{"0":{"start":{"line":6,"column":24},"end":{"line":10,"column":1}},"1":{"start":{"line":7,"column":2},"end":{"line":9,"column":9}},"2":{"start":{"line":12,"column":0},"end":{"line":14,"column":2}}},"fnMap":{"0":{"name":"(anonymous_0)","decl":{"start":{"line":6,"column":24},"end":{"line":6,"column":25}},"loc":{"start":{"line":7,"column":2},"end":{"line":9,"column":9}},"line":7}},"branchMap":{},"s":{"0":1,"1":1,"2":1},"f":{"0":1},"b":{},"_coverageSchema":"332fd63041d2c1bcb487cc26dd0d5f7d97098a6c","hash":"7a5b280449608d69e7ed5d237839b128f98a471f"}
,"/Users/ricardo/projetos/udacity/react-native/mobile-flashcards/components/DeckDetail.js": {"path":"/Users/ricardo/projetos/udacity/react-native/mobile-flashcards/components/DeckDetail.js","statementMap":{"0":{"start":{"line":1,"column":0},"end":{"line":null,"column":-1}},"1":{"start":{"line":2,"column":0},"end":{"line":3,"column":-1}},"2":{"start":{"line":3,"column":0},"end":{"line":null,"column":-1}},"3":{"start":{"line":4,"column":0},"end":{"line":null,"column":-1}},"4":{"start":{"line":31,"column":17},"end":{"line":31,"column":4}},"5":{"start":{"line":32,"column":52},"end":{"line":30,"column":11}},"6":{"start":{"line":30,"column":11},"end":{"line":30,"column":10}},"7":{"start":{"line":33,"column":4},"end":{"line":48,"column":3}},"8":{"start":{"line":24,"column":49},"end":{"line":24,"column":48}},"9":{"start":{"line":25,"column":4},"end":{"line":28,"column":3}}},"fnMap":{},"branchMap":{},"s":{"0":0,"1":0,"2":0,"3":0,"4":0,"5":0,"6":0,"7":0,"8":0,"9":0},"f":{},"b":{}}
,"/Users/ricardo/projetos/udacity/react-native/mobile-flashcards/components/DeckDetailTitle.js": {"path":"/Users/ricardo/projetos/udacity/react-native/mobile-flashcards/components/DeckDetailTitle.js","statementMap":{"0":{"start":{"line":1,"column":0},"end":{"line":null,"column":-1}},"1":{"start":{"line":2,"column":0},"end":{"line":3,"column":-1}},"2":{"start":{"line":3,"column":0},"end":{"line":null,"column":-1}},"3":{"start":{"line":5,"column":24},"end":{"line":5,"column":0}},"4":{"start":{"line":5,"column":50},"end":{"line":5,"column":49}},"5":{"start":{"line":6,"column":2},"end":{"line":13,"column":1}}},"fnMap":{"0":{"name":"DeckDetailTitle","decl":{"start":{"line":5,"column":6},"end":{"line":5,"column":24}},"loc":{"start":{"line":5,"column":50},"end":{"line":5,"column":0}}}},"branchMap":{"0":{"loc":{"start":{"line":9,"column":21},"end":{"line":9,"column":9}},"type":"cond-expr","locations":[{"start":{"line":9,"column":21},"end":{"line":9,"column":9}},{"start":{"line":9,"column":40},"end":{"line":8,"column":6}}]}},"s":{"0":0,"1":0,"2":0,"3":0,"4":0,"5":0},"f":{"0":0},"b":{"0":[0,0]}}
,"/Users/ricardo/projetos/udacity/react-native/mobile-flashcards/components/Decks.js": {"path":"/Users/ricardo/projetos/udacity/react-native/mobile-flashcards/components/Decks.js","statementMap":{"0":{"start":{"line":1,"column":0},"end":{"line":null,"column":-1}},"1":{"start":{"line":2,"column":0},"end":{"line":3,"column":-1}},"2":{"start":{"line":3,"column":0},"end":{"line":10,"column":-1}},"3":{"start":{"line":10,"column":0},"end":{"line":11,"column":-1}},"4":{"start":{"line":11,"column":0},"end":{"line":null,"column":-1}},"5":{"start":{"line":12,"column":0},"end":{"line":null,"column":-1}},"6":{"start":{"line":15,"column":15},"end":{"line":15,"column":14}},"7":{"start":{"line":15,"column":15},"end":{"line":null,"column":-1}},"8":{"start":{"line":17,"column":15},"end":{"line":16,"column":3}},"9":{"start":{"line":35,"column":24},"end":{"line":34,"column":11}},"10":{"start":{"line":37,"column":4},"end":{"line":42,"column":3}},"11":{"start":{"line":45,"column":15},"end":{"line":45,"column":0}},"12":{"start":{"line":52,"column":0},"end":{"line":56,"column":0}},"13":{"start":{"line":56,"column":24},"end":{"line":56,"column":0}},"14":{"start":{"line":56,"column":24},"end":{"line":56,"column":-1}}},"fnMap":{"0":{"name":"onPress","decl":{"start":{"line":17,"column":15},"end":{"line":18,"column":7}},"loc":{"start":{"line":17,"column":15},"end":{"line":16,"column":4}}},"1":{"name":"mapStateToProps","decl":{"start":{"line":56,"column":6},"end":{"line":56,"column":24}},"loc":{"start":{"line":56,"column":24},"end":{"line":56,"column":0}}}},"branchMap":{},"s":{"0":0,"1":0,"2":0,"3":0,"4":0,"5":0,"6":0,"7":0,"8":0,"9":0,"10":0,"11":0,"12":0,"13":0,"14":0},"f":{"0":0,"1":0},"b":{}}
,"/Users/ricardo/projetos/udacity/react-native/mobile-flashcards/config/initialState.js": {"path":"/Users/ricardo/projetos/udacity/react-native/mobile-flashcards/config/initialState.js","statementMap":{"0":{"start":{"line":1,"column":13},"end":{"line":1,"column":7}}},"fnMap":{},"branchMap":{},"s":{"0":0},"f":{},"b":{}}
,"/Users/ricardo/projetos/udacity/react-native/mobile-flashcards/config/routes.js": {"path":"/Users/ricardo/projetos/udacity/react-native/mobile-flashcards/config/routes.js","statementMap":{"0":{"start":{"line":1,"column":0},"end":{"line":null,"column":-1}},"1":{"start":{"line":2,"column":0},"end":{"line":3,"column":-1}},"2":{"start":{"line":3,"column":0},"end":{"line":5,"column":-1}},"3":{"start":{"line":5,"column":0},"end":{"line":null,"column":-1}},"4":{"start":{"line":6,"column":0},"end":{"line":null,"column":-1}},"5":{"start":{"line":7,"column":0},"end":{"line":null,"column":-1}},"6":{"start":{"line":9,"column":13},"end":{"line":9,"column":7}},"7":{"start":{"line":14,"column":18},"end":{"line":14,"column":17}},"8":{"start":{"line":14,"column":18},"end":{"line":12,"column":22}},"9":{"start":{"line":23,"column":18},"end":{"line":23,"column":17}},"10":{"start":{"line":23,"column":18},"end":{"line":21,"column":22}},"11":{"start":{"line":30,"column":13},"end":{"line":30,"column":7}}},"fnMap":{"0":{"name":"tabBarIcon","decl":{"start":{"line":14,"column":18},"end":{"line":14,"column":20}},"loc":{"start":{"line":14,"column":18},"end":{"line":12,"column":23}}},"1":{"name":"tabBarIcon","decl":{"start":{"line":23,"column":18},"end":{"line":23,"column":20}},"loc":{"start":{"line":23,"column":18},"end":{"line":21,"column":23}}}},"branchMap":{},"s":{"0":0,"1":0,"2":0,"3":0,"4":0,"5":0,"6":0,"7":0,"8":0,"9":0,"10":0,"11":0},"f":{"0":0,"1":0},"b":{}}
,"/Users/ricardo/projetos/udacity/react-native/mobile-flashcards/reducers/deckReducer.js": {"path":"/Users/ricardo/projetos/udacity/react-native/mobile-flashcards/reducers/deckReducer.js","statementMap":{"0":{"start":{"line":1,"column":0},"end":{"line":null,"column":-1}},"1":{"start":{"line":2,"column":0},"end":{"line":null,"column":-1}},"2":{"start":{"line":4,"column":14},"end":{"line":4,"column":0}},"3":{"start":{"line":4,"column":48},"end":{"line":4,"column":36}},"4":{"start":{"line":4,"column":48},"end":{"line":5,"column":1}},"5":{"start":{"line":5,"column":2},"end":{"line":29,"column":1}},"6":{"start":{"line":7,"column":6},"end":{"line":11,"column":4}},"7":{"start":{"line":12,"column":6},"end":{"line":16,"column":4}},"8":{"start":{"line":17,"column":6},"end":{"line":18,"column":6}},"9":{"start":{"line":18,"column":6},"end":{"line":25,"column":4}},"10":{"start":{"line":26,"column":6},"end":{"line":27,"column":6}},"11":{"start":{"line":27,"column":6},"end":{"line":5,"column":2}}},"fnMap":{"0":{"name":"decks","decl":{"start":{"line":4,"column":6},"end":{"line":4,"column":14}},"loc":{"start":{"line":4,"column":48},"end":{"line":4,"column":0}}}},"branchMap":{"0":{"loc":{"start":{"line":4,"column":48},"end":{"line":4,"column":36}},"type":"cond-expr","locations":[{"start":{"line":4,"column":48},"end":{"line":4,"column":36}},{"start":{"line":4,"column":48},"end":{"line":4,"column":36}}]},"1":{"loc":{"start":{"line":6,"column":4},"end":{"line":11,"column":4}},"type":"switch","locations":[{"start":{"line":6,"column":4},"end":{"line":11,"column":4}},{"start":{"line":11,"column":4},"end":{"line":16,"column":4}},{"start":{"line":16,"column":4},"end":{"line":25,"column":4}},{"start":{"line":25,"column":4},"end":{"line":5,"column":2}}]}},"s":{"0":0,"1":0,"2":0,"3":0,"4":0,"5":0,"6":0,"7":0,"8":0,"9":0,"10":0,"11":0},"f":{"0":0},"b":{"0":[0,0],"1":[0,0,0,0]}}
,"/Users/ricardo/projetos/udacity/react-native/mobile-flashcards/utils/api.js": {"path":"/Users/ricardo/projetos/udacity/react-native/mobile-flashcards/utils/api.js","statementMap":{"0":{"start":{"line":1,"column":0},"end":{"line":2,"column":-1}},"1":{"start":{"line":2,"column":0},"end":{"line":3,"column":6}},"2":{"start":{"line":4,"column":2},"end":{"line":5,"column":1}}},"fnMap":{"0":{"name":"fetchDecks","decl":{"start":{"line":3,"column":16},"end":{"line":3,"column":7}},"loc":{"start":{"line":3,"column":29},"end":{"line":5,"column":1}}}},"branchMap":{},"s":{"0":0,"1":0,"2":0},"f":{"0":0},"b":{}}
,"/Users/ricardo/projetos/udacity/react-native/mobile-flashcards/utils/constants.js": {"path":"/Users/ricardo/projetos/udacity/react-native/mobile-flashcards/utils/constants.js","statementMap":{"0":{"start":{"line":1,"column":13},"end":{"line":1,"column":7}},"1":{"start":{"line":2,"column":13},"end":{"line":2,"column":7}},"2":{"start":{"line":3,"column":13},"end":{"line":3,"column":7}},"3":{"start":{"line":4,"column":13},"end":{"line":4,"column":7}},"4":{"start":{"line":5,"column":13},"end":{"line":5,"column":7}}},"fnMap":{},"branchMap":{},"s":{"0":0,"1":0,"2":0,"3":0,"4":0},"f":{},"b":{}}
,"/Users/ricardo/projetos/udacity/react-native/mobile-flashcards/utils/extractDecks.js": {"path":"/Users/ricardo/projetos/udacity/react-native/mobile-flashcards/utils/extractDecks.js","statementMap":{"0":{"start":{"line":1,"column":13},"end":{"line":1,"column":7}},"1":{"start":{"line":1,"column":32},"end":{"line":1,"column":31}},"2":{"start":{"line":1,"column":32},"end":{"line":1,"column":6}},"3":{"start":{"line":2,"column":25},"end":{"line":2,"column":1}}},"fnMap":{"0":{"name":"extractDecksList","decl":{"start":{"line":1,"column":13},"end":{"line":1,"column":32}},"loc":{"start":{"line":1,"column":32},"end":{"line":1,"column":7}}},"1":{"name":"(anonymous_1)","decl":{"start":{"line":2,"column":25},"end":{"line":2,"column":32}},"loc":{"start":{"line":2,"column":25},"end":{"line":2,"column":2}}}},"branchMap":{},"s":{"0":0,"1":0,"2":0,"3":0},"f":{"0":0,"1":0},"b":{}}
}
