{"/Users/ricardo/projetos/udacity/react-native/mobile-flashcards/actions/index.js": {"path":"/Users/ricardo/projetos/udacity/react-native/mobile-flashcards/actions/index.js","statementMap":{"0":{"start":{"line":1,"column":0},"end":{"line":null,"column":-1}},"1":{"start":{"line":3,"column":2},"end":{"line":7,"column":1}},"2":{"start":{"line":10,"column":2},"end":{"line":14,"column":1}},"3":{"start":{"line":17,"column":2},"end":{"line":21,"column":1}}},"fnMap":{"0":{"name":"getAllDecks","decl":{"start":{"line":2,"column":16},"end":{"line":2,"column":7}},"loc":{"start":{"line":2,"column":30},"end":{"line":9,"column":7}}},"1":{"name":"getDeck","decl":{"start":{"line":9,"column":16},"end":{"line":9,"column":7}},"loc":{"start":{"line":9,"column":30},"end":{"line":16,"column":7}}},"2":{"name":"deleteDeck","decl":{"start":{"line":16,"column":16},"end":{"line":16,"column":7}},"loc":{"start":{"line":16,"column":33},"end":{"line":21,"column":1}}}},"branchMap":{},"s":{"0":0,"1":0,"2":0,"3":0},"f":{"0":0,"1":0,"2":0},"b":{}}
,"/Users/ricardo/projetos/udacity/react-native/mobile-flashcards/components/AddDeck.js": {"path":"/Users/ricardo/projetos/udacity/react-native/mobile-flashcards/components/AddDeck.js","statementMap":{"0":{"start":{"line":1,"column":0},"end":{"line":null,"column":-1}},"1":{"start":{"line":2,"column":0},"end":{"line":9,"column":-1}},"2":{"start":{"line":9,"column":0},"end":{"line":null,"column":-1}},"3":{"start":{"line":23,"column":26},"end":{"line":22,"column":23}},"4":{"start":{"line":25,"column":4},"end":{"line":33,"column":3}},"5":{"start":{"line":26,"column":6},"end":{"line":30,"column":5}},"6":{"start":{"line":31,"column":6},"end":{"line":32,"column":5}},"7":{"start":{"line":35,"column":11},"end":{"line":36,"column":3}},"8":{"start":{"line":36,"column":4},"end":{"line":62,"column":3}},"9":{"start":{"line":47,"column":26},"end":{"line":46,"column":9}}},"fnMap":{"0":{"name":"onChangeText","decl":{"start":{"line":47,"column":26},"end":{"line":47,"column":38}},"loc":{"start":{"line":47,"column":26},"end":{"line":46,"column":10}}}},"branchMap":{"0":{"loc":{"start":{"line":25,"column":4},"end":{"line":33,"column":3}},"type":"if","locations":[{"start":{"line":25,"column":4},"end":{"line":33,"column":3}},{"start":{"line":25,"column":4},"end":{"line":33,"column":3}}]},"1":{"loc":{"start":{"line":51,"column":39},"end":{"line":51,"column":13}},"type":"cond-expr","locations":[{"start":{"line":51,"column":39},"end":{"line":51,"column":13}},{"start":{"line":51,"column":66},"end":{"line":50,"column":10}}]}},"s":{"0":0,"1":0,"2":0,"3":0,"4":0,"5":0,"6":0,"7":0,"8":0,"9":0},"f":{"0":0},"b":{"0":[0,0],"1":[0,0]}}
,"/Users/ricardo/projetos/udacity/react-native/mobile-flashcards/components/CustomStatusBar.js": {"path":"/Users/ricardo/projetos/udacity/react-native/mobile-flashcards/components/CustomStatusBar.js","statementMap":{"0":{"start":{"line":6,"column":24},"end":{"line":10,"column":1}},"1":{"start":{"line":7,"column":2},"end":{"line":9,"column":9}},"2":{"start":{"line":12,"column":0},"end":{"line":14,"column":2}}},"fnMap":{"0":{"name":"(anonymous_0)","decl":{"start":{"line":6,"column":24},"end":{"line":6,"column":25}},"loc":{"start":{"line":7,"column":2},"end":{"line":9,"column":9}},"line":7}},"branchMap":{},"s":{"0":1,"1":1,"2":1},"f":{"0":1},"b":{},"_coverageSchema":"332fd63041d2c1bcb487cc26dd0d5f7d97098a6c","hash":"7a5b280449608d69e7ed5d237839b128f98a471f"}
,"/Users/ricardo/projetos/udacity/react-native/mobile-flashcards/components/DeckDetail.js": {"path":"/Users/ricardo/projetos/udacity/react-native/mobile-flashcards/components/DeckDetail.js","statementMap":{"0":{"start":{"line":1,"column":0},"end":{"line":null,"column":-1}},"1":{"start":{"line":2,"column":0},"end":{"line":null,"column":-1}},"2":{"start":{"line":12,"column":4},"end":{"line":21,"column":3}},"3":{"start":{"line":5,"column":49},"end":{"line":5,"column":48}},"4":{"start":{"line":6,"column":4},"end":{"line":9,"column":3}}},"fnMap":{},"branchMap":{},"s":{"0":0,"1":0,"2":0,"3":0,"4":0},"f":{},"b":{}}
,"/Users/ricardo/projetos/udacity/react-native/mobile-flashcards/components/Decks.js": {"path":"/Users/ricardo/projetos/udacity/react-native/mobile-flashcards/components/Decks.js","statementMap":{"0":{"start":{"line":1,"column":0},"end":{"line":null,"column":-1}},"1":{"start":{"line":2,"column":0},"end":{"line":3,"column":-1}},"2":{"start":{"line":3,"column":0},"end":{"line":4,"column":-1}},"3":{"start":{"line":4,"column":0},"end":{"line":11,"column":-1}},"4":{"start":{"line":11,"column":0},"end":{"line":null,"column":-1}},"5":{"start":{"line":57,"column":15},"end":{"line":57,"column":14}},"6":{"start":{"line":57,"column":15},"end":{"line":null,"column":-1}},"7":{"start":{"line":59,"column":15},"end":{"line":58,"column":3}},"8":{"start":{"line":77,"column":22},"end":{"line":76,"column":11}},"9":{"start":{"line":79,"column":4},"end":{"line":80,"column":4}},"10":{"start":{"line":80,"column":4},"end":{"line":85,"column":3}},"11":{"start":{"line":88,"column":15},"end":{"line":88,"column":0}},"12":{"start":{"line":95,"column":24},"end":{"line":95,"column":0}},"13":{"start":{"line":96,"column":16},"end":{"line":96,"column":2}},"14":{"start":{"line":98,"column":2},"end":{"line":99,"column":1}}},"fnMap":{"0":{"name":"onPress","decl":{"start":{"line":59,"column":15},"end":{"line":60,"column":7}},"loc":{"start":{"line":59,"column":15},"end":{"line":58,"column":4}}},"1":{"name":"mapStateToProps","decl":{"start":{"line":95,"column":6},"end":{"line":95,"column":24}},"loc":{"start":{"line":95,"column":33},"end":{"line":95,"column":0}}}},"branchMap":{},"s":{"0":0,"1":0,"2":0,"3":0,"4":0,"5":0,"6":0,"7":0,"8":0,"9":0,"10":0,"11":0,"12":0,"13":0,"14":0},"f":{"0":0,"1":0},"b":{}}
,"/Users/ricardo/projetos/udacity/react-native/mobile-flashcards/config/routes.js": {"path":"/Users/ricardo/projetos/udacity/react-native/mobile-flashcards/config/routes.js","statementMap":{"0":{"start":{"line":1,"column":0},"end":{"line":null,"column":-1}},"1":{"start":{"line":2,"column":0},"end":{"line":3,"column":-1}},"2":{"start":{"line":3,"column":0},"end":{"line":5,"column":-1}},"3":{"start":{"line":5,"column":0},"end":{"line":null,"column":-1}},"4":{"start":{"line":6,"column":0},"end":{"line":null,"column":-1}},"5":{"start":{"line":7,"column":0},"end":{"line":null,"column":-1}},"6":{"start":{"line":9,"column":13},"end":{"line":9,"column":7}},"7":{"start":{"line":14,"column":18},"end":{"line":14,"column":17}},"8":{"start":{"line":14,"column":18},"end":{"line":12,"column":22}},"9":{"start":{"line":23,"column":18},"end":{"line":23,"column":17}},"10":{"start":{"line":23,"column":18},"end":{"line":21,"column":22}},"11":{"start":{"line":30,"column":13},"end":{"line":30,"column":7}}},"fnMap":{"0":{"name":"tabBarIcon","decl":{"start":{"line":14,"column":18},"end":{"line":14,"column":20}},"loc":{"start":{"line":14,"column":18},"end":{"line":12,"column":23}}},"1":{"name":"tabBarIcon","decl":{"start":{"line":23,"column":18},"end":{"line":23,"column":20}},"loc":{"start":{"line":23,"column":18},"end":{"line":21,"column":23}}}},"branchMap":{},"s":{"0":0,"1":0,"2":0,"3":0,"4":0,"5":0,"6":0,"7":0,"8":0,"9":0,"10":0,"11":0},"f":{"0":0,"1":0},"b":{}}
,"/Users/ricardo/projetos/udacity/react-native/mobile-flashcards/utils/api.js": {"path":"/Users/ricardo/projetos/udacity/react-native/mobile-flashcards/utils/api.js","statementMap":{"0":{"start":{"line":1,"column":0},"end":{"line":2,"column":-1}},"1":{"start":{"line":2,"column":0},"end":{"line":3,"column":6}},"2":{"start":{"line":4,"column":2},"end":{"line":5,"column":1}}},"fnMap":{"0":{"name":"fetchDecks","decl":{"start":{"line":3,"column":16},"end":{"line":3,"column":7}},"loc":{"start":{"line":3,"column":29},"end":{"line":5,"column":1}}}},"branchMap":{},"s":{"0":0,"1":0,"2":0},"f":{"0":0},"b":{}}
,"/Users/ricardo/projetos/udacity/react-native/mobile-flashcards/utils/constants.js": {"path":"/Users/ricardo/projetos/udacity/react-native/mobile-flashcards/utils/constants.js","statementMap":{"0":{"start":{"line":1,"column":13},"end":{"line":1,"column":7}},"1":{"start":{"line":2,"column":13},"end":{"line":2,"column":7}},"2":{"start":{"line":3,"column":13},"end":{"line":3,"column":7}},"3":{"start":{"line":4,"column":13},"end":{"line":4,"column":7}}},"fnMap":{},"branchMap":{},"s":{"0":0,"1":0,"2":0,"3":0},"f":{},"b":{}}
}
