TN:
SF:/Users/ricardo/projetos/udacity/react-native/mobile-flashcards/actions/index.js
FN:2,getAllDecks
FN:9,getDeck
FN:16,deleteDeck
FN:23,addNewDeck
FNF:4
FNH:0
FNDA:0,getAllDecks
FNDA:0,getDeck
FNDA:0,deleteDeck
FNDA:0,addNewDeck
DA:1,0
DA:3,0
DA:10,0
DA:17,0
DA:24,0
LF:5
LH:0
BRF:0
BRH:0
end_of_record
TN:
SF:/Users/ricardo/projetos/udacity/react-native/mobile-flashcards/components/AddDeck.js
FN:56,onChangeText
FNF:1
FNH:0
FNDA:0,onChangeText
DA:1,0
DA:2,0
DA:9,0
DA:15,0
DA:17,0
DA:26,0
DA:28,0
DA:29,0
DA:33,0
DA:34,0
DA:35,0
DA:40,0
DA:44,0
DA:45,0
DA:56,0
LF:15
LH:0
BRDA:28,0,0,0
BRDA:28,0,1,0
BRDA:60,1,0,0
BRDA:60,1,1,0
BRF:4
BRH:0
end_of_record
TN:
SF:/Users/ricardo/projetos/udacity/react-native/mobile-flashcards/components/ButtonDeckDetail.js
FN:6,(anonymous_0)
FN:13,(anonymous_1)
FNF:2
FNH:1
FNDA:1,(anonymous_0)
FNDA:0,(anonymous_1)
DA:6,1
DA:7,1
DA:14,0
DA:23,1
LF:4
LH:3
BRF:0
BRH:0
end_of_record
TN:
SF:/Users/ricardo/projetos/udacity/react-native/mobile-flashcards/components/CustomStatusBar.js
FN:6,(anonymous_0)
FNF:1
FNH:1
FNDA:1,(anonymous_0)
DA:6,1
DA:7,1
DA:12,1
LF:3
LH:3
BRF:0
BRH:0
end_of_record
TN:
SF:/Users/ricardo/projetos/udacity/react-native/mobile-flashcards/components/DeckDetail.js
FNF:0
FNH:0
DA:1,0
DA:2,0
DA:3,0
DA:4,0
DA:24,0
DA:25,0
DA:30,0
DA:31,0
DA:32,0
DA:33,0
LF:10
LH:0
BRF:0
BRH:0
end_of_record
TN:
SF:/Users/ricardo/projetos/udacity/react-native/mobile-flashcards/components/DeckDetailTitle.js
FN:5,DeckDetailTitle
FNF:1
FNH:0
FNDA:0,DeckDetailTitle
DA:1,0
DA:2,0
DA:3,0
DA:5,0
DA:6,0
LF:5
LH:0
BRDA:9,0,0,0
BRDA:9,0,1,0
BRF:2
BRH:0
end_of_record
TN:
SF:/Users/ricardo/projetos/udacity/react-native/mobile-flashcards/components/Decks.js
FN:17,onPress
FN:56,mapStateToProps
FNF:2
FNH:0
FNDA:0,onPress
FNDA:0,mapStateToProps
DA:1,0
DA:2,0
DA:3,0
DA:10,0
DA:11,0
DA:12,0
DA:15,0
DA:17,0
DA:35,0
DA:37,0
DA:45,0
DA:52,0
DA:56,0
LF:13
LH:0
BRF:0
BRH:0
end_of_record
TN:
SF:/Users/ricardo/projetos/udacity/react-native/mobile-flashcards/config/initialState.js
FNF:0
FNH:0
DA:1,0
LF:1
LH:0
BRF:0
BRH:0
end_of_record
TN:
SF:/Users/ricardo/projetos/udacity/react-native/mobile-flashcards/config/routes.js
FN:14,tabBarIcon
FN:23,tabBarIcon
FNF:2
FNH:0
FNDA:0,tabBarIcon
FNDA:0,tabBarIcon
DA:1,0
DA:2,0
DA:3,0
DA:5,0
DA:6,0
DA:7,0
DA:9,0
DA:14,0
DA:23,0
DA:30,0
LF:10
LH:0
BRF:0
BRH:0
end_of_record
TN:
SF:/Users/ricardo/projetos/udacity/react-native/mobile-flashcards/reducers/deckReducer.js
FN:4,decks
FNF:1
FNH:0
FNDA:0,decks
DA:1,0
DA:2,0
DA:4,0
DA:5,0
DA:7,0
DA:12,0
DA:17,0
DA:18,0
DA:26,0
DA:27,0
LF:10
LH:0
BRDA:4,0,0,0
BRDA:4,0,1,0
BRDA:6,1,0,0
BRDA:6,1,1,0
BRDA:6,1,2,0
BRDA:6,1,3,0
BRF:6
BRH:0
end_of_record
TN:
SF:/Users/ricardo/projetos/udacity/react-native/mobile-flashcards/utils/api.js
FN:3,fetchDecks
FNF:1
FNH:0
FNDA:0,fetchDecks
DA:1,0
DA:2,0
DA:4,0
LF:3
LH:0
BRF:0
BRH:0
end_of_record
TN:
SF:/Users/ricardo/projetos/udacity/react-native/mobile-flashcards/utils/constants.js
FNF:0
FNH:0
DA:1,0
DA:2,0
DA:3,0
DA:4,0
DA:5,0
LF:5
LH:0
BRF:0
BRH:0
end_of_record
TN:
SF:/Users/ricardo/projetos/udacity/react-native/mobile-flashcards/utils/extractDecks.js
FN:1,extractDecksList
FN:2,(anonymous_1)
FNF:2
FNH:0
FNDA:0,extractDecksList
FNDA:0,(anonymous_1)
DA:1,0
DA:2,0
LF:2
LH:0
BRF:0
BRH:0
end_of_record
