TN:
SF:/Users/ricardo/projetos/udacity/react-native/mobile-flashcards/actions/index.js
FN:2,getAllDecks
FN:9,getDeck
FN:16,deleteDeck
FNF:3
FNH:0
FNDA:0,getAllDecks
FNDA:0,getDeck
FNDA:0,deleteDeck
DA:1,0
DA:3,0
DA:10,0
DA:17,0
LF:4
LH:0
BRF:0
BRH:0
end_of_record
TN:
SF:/Users/ricardo/projetos/udacity/react-native/mobile-flashcards/components/AddDeck.js
FN:47,onChangeText
FNF:1
FNH:0
FNDA:0,onChangeText
DA:1,0
DA:2,0
DA:9,0
DA:23,0
DA:25,0
DA:26,0
DA:31,0
DA:35,0
DA:36,0
DA:47,0
LF:10
LH:0
BRDA:25,0,0,0
BRDA:25,0,1,0
BRDA:51,1,0,0
BRDA:51,1,1,0
BRF:4
BRH:0
end_of_record
TN:
SF:/Users/ricardo/projetos/udacity/react-native/mobile-flashcards/components/CustomStatusBar.js
FN:6,(anonymous_0)
FNF:1
FNH:1
FNDA:1,(anonymous_0)
DA:6,1
DA:7,1
DA:12,1
LF:3
LH:3
BRF:0
BRH:0
end_of_record
TN:
SF:/Users/ricardo/projetos/udacity/react-native/mobile-flashcards/components/DeckDetail.js
FNF:0
FNH:0
DA:1,0
DA:2,0
DA:5,0
DA:6,0
DA:12,0
LF:5
LH:0
BRF:0
BRH:0
end_of_record
TN:
SF:/Users/ricardo/projetos/udacity/react-native/mobile-flashcards/components/Decks.js
FN:59,onPress
FN:95,mapStateToProps
FNF:2
FNH:0
FNDA:0,onPress
FNDA:0,mapStateToProps
DA:1,0
DA:2,0
DA:3,0
DA:4,0
DA:11,0
DA:57,0
DA:59,0
DA:77,0
DA:79,0
DA:80,0
DA:88,0
DA:95,0
DA:96,0
DA:98,0
LF:14
LH:0
BRF:0
BRH:0
end_of_record
TN:
SF:/Users/ricardo/projetos/udacity/react-native/mobile-flashcards/config/routes.js
FN:14,tabBarIcon
FN:23,tabBarIcon
FNF:2
FNH:0
FNDA:0,tabBarIcon
FNDA:0,tabBarIcon
DA:1,0
DA:2,0
DA:3,0
DA:5,0
DA:6,0
DA:7,0
DA:9,0
DA:14,0
DA:23,0
DA:30,0
LF:10
LH:0
BRF:0
BRH:0
end_of_record
TN:
SF:/Users/ricardo/projetos/udacity/react-native/mobile-flashcards/utils/api.js
FN:3,fetchDecks
FNF:1
FNH:0
FNDA:0,fetchDecks
DA:1,0
DA:2,0
DA:4,0
LF:3
LH:0
BRF:0
BRH:0
end_of_record
TN:
SF:/Users/ricardo/projetos/udacity/react-native/mobile-flashcards/utils/constants.js
FNF:0
FNH:0
DA:1,0
DA:2,0
DA:3,0
DA:4,0
LF:4
LH:0
BRF:0
BRH:0
end_of_record
